{"obj": {"type": "AssignString", "path": ["sys", "name"], "value": "Untitled"}, "version": 1}
{"obj": {"type": "AssignString", "path": ["sys", "description"], "value": ""}, "version": 2}
{"obj": {"type": "AssignString", "path": ["monitoring", "ae4d0230", "hostname"], "value": "hp-Pavilion"}, "version": 3}
{"obj": {"type": "AssignString", "path": ["sys", "hostname"], "value": "hp-Pavilion"}, "version": 4}
{"obj": {"type": "AssignString", "path": ["monitoring", "ae4d0230", "pid"], "value": "38484"}, "version": 5}
{"obj": {"type": "AssignString", "path": ["monitoring", "ae4d0230", "tid"], "value": "140089904501824"}, "version": 6}
{"obj": {"type": "AssignBool", "path": ["sys", "failed"], "value": false}, "version": 7}
{"obj": {"type": "ClearStringLog", "path": ["monitoring", "ae4d0230", "stdout"]}, "version": 8}
{"obj": {"type": "ClearStringLog", "path": ["monitoring", "ae4d0230", "stderr"]}, "version": 9}
{"obj": {"type": "AssignString", "path": ["source_code", "entrypoint"], "value": "trainer.py"}, "version": 10}
{"obj": {"type": "UploadFileSet", "path": ["source_code", "files"], "file_globs": ["/home/hp/Documents/GitHub/dm_unet/network/trainer.py"], "reset": "False"}, "version": 11}
{"obj": {"type": "UploadFile", "path": ["source_code", "diff"], "ext": "patch", "file_path": null, "tmp_file_name": "source_code_diff-1699636620.884309-2023-11-10_18.17.00.884309.patch", "clean_after_upload": false}, "version": 12}
{"obj": {"type": "ConfigFloatSeries", "path": ["monitoring", "ae4d0230", "cpu"], "min": 0.0, "max": 100.0, "unit": "%"}, "version": 13}
{"obj": {"type": "ClearFloatLog", "path": ["monitoring", "ae4d0230", "cpu"]}, "version": 14}
{"obj": {"type": "ConfigFloatSeries", "path": ["monitoring", "ae4d0230", "memory"], "min": 0.0, "max": 15.472644805908203, "unit": "GB"}, "version": 15}
{"obj": {"type": "ClearFloatLog", "path": ["monitoring", "ae4d0230", "memory"]}, "version": 16}
{"obj": {"type": "ConfigFloatSeries", "path": ["monitoring", "ae4d0230", "gpu"], "min": 0.0, "max": 100.0, "unit": "%"}, "version": 17}
{"obj": {"type": "ClearFloatLog", "path": ["monitoring", "ae4d0230", "gpu"]}, "version": 18}
{"obj": {"type": "ConfigFloatSeries", "path": ["monitoring", "ae4d0230", "gpu_memory"], "min": 0.0, "max": 8.0, "unit": "GB"}, "version": 19}
{"obj": {"type": "ClearFloatLog", "path": ["monitoring", "ae4d0230", "gpu_memory"]}, "version": 20}
{"obj": {"type": "AssignString", "path": ["network", "parameters", "optimizer"], "value": "SGD"}, "version": 21}
{"obj": {"type": "AssignFloat", "path": ["network", "parameters", "optimizer_momentum"], "value": 0.9}, "version": 22}
{"obj": {"type": "AssignFloat", "path": ["network", "parameters", "optimizer_learning_rate"], "value": 0.001}, "version": 23}
{"obj": {"type": "AssignString", "path": ["network", "parameters", "loss_function"], "value": "MSEloss"}, "version": 24}
{"obj": {"type": "AssignString", "path": ["network", "parameters", "model"], "value": "GTA_Unet"}, "version": 25}
{"obj": {"type": "AssignString", "path": ["network", "parameters", "scheduler"], "value": "CyclicLR"}, "version": 26}
{"obj": {"type": "AssignFloat", "path": ["network", "parameters", "scheduler_base_lr"], "value": 0.001}, "version": 27}
{"obj": {"type": "AssignFloat", "path": ["network", "parameters", "scheduler_max_lr"], "value": 1.15}, "version": 28}
{"obj": {"type": "AssignInt", "path": ["network", "parameters", "scheduler_step_size_up"], "value": 10}, "version": 29}
{"obj": {"type": "LogFloats", "path": ["monitoring", "ae4d0230", "cpu"], "values": [{"value": 17.8, "step": null, "ts": 1699636620.955969}]}, "version": 30}
{"obj": {"type": "LogFloats", "path": ["monitoring", "ae4d0230", "memory"], "values": [{"value": 10.29123306274414, "step": null, "ts": 1699636620.955969}]}, "version": 31}
{"obj": {"type": "LogFloats", "path": ["monitoring", "ae4d0230", "gpu"], "values": [{"value": 1.0, "step": null, "ts": 1699636620.955969}]}, "version": 32}
{"obj": {"type": "LogFloats", "path": ["monitoring", "ae4d0230", "gpu_memory"], "values": [{"value": 1.115478515625, "step": null, "ts": 1699636620.955969}]}, "version": 33}
{"obj": {"type": "LogFloats", "path": ["network", "learning_rate"], "values": [{"value": 0.001, "step": null, "ts": 1699636622.3419557}]}, "version": 34}
{"obj": {"type": "LogStrings", "path": ["monitoring", "ae4d0230", "stdout"], "values": [{"value": "Training epoch 0", "step": null, "ts": 1699636622.3423955}]}, "version": 35}
{"obj": {"type": "LogStrings", "path": ["monitoring", "ae4d0230", "stdout"], "values": [{"value": "\n", "step": null, "ts": 1699636622.3426676}]}, "version": 36}
{"obj": {"type": "LogFloats", "path": ["monitoring", "ae4d0230", "cpu"], "values": [{"value": 15.8, "step": null, "ts": 1699636630.9665155}]}, "version": 37}
{"obj": {"type": "LogFloats", "path": ["monitoring", "ae4d0230", "memory"], "values": [{"value": 10.649707794189453, "step": null, "ts": 1699636630.9665155}]}, "version": 38}
{"obj": {"type": "LogFloats", "path": ["monitoring", "ae4d0230", "gpu_memory"], "values": [{"value": 2.537353515625, "step": null, "ts": 1699636630.9665155}]}, "version": 39}
{"obj": {"type": "LogFloats", "path": ["monitoring", "ae4d0230", "cpu"], "values": [{"value": 9.0, "step": null, "ts": 1699636640.9725933}]}, "version": 40}
{"obj": {"type": "LogFloats", "path": ["monitoring", "ae4d0230", "memory"], "values": [{"value": 10.656352996826172, "step": null, "ts": 1699636640.9725933}]}, "version": 41}
{"obj": {"type": "LogFloats", "path": ["monitoring", "ae4d0230", "gpu_memory"], "values": [{"value": 2.537353515625, "step": null, "ts": 1699636640.9725933}]}, "version": 42}
{"obj": {"type": "LogFloats", "path": ["monitoring", "ae4d0230", "cpu"], "values": [{"value": 7.8, "step": null, "ts": 1699636650.9783032}]}, "version": 43}
{"obj": {"type": "LogFloats", "path": ["monitoring", "ae4d0230", "memory"], "values": [{"value": 10.664436340332031, "step": null, "ts": 1699636650.9783032}]}, "version": 44}
{"obj": {"type": "LogFloats", "path": ["monitoring", "ae4d0230", "gpu_memory"], "values": [{"value": 2.537353515625, "step": null, "ts": 1699636650.9783032}]}, "version": 45}
{"obj": {"type": "LogFloats", "path": ["monitoring", "ae4d0230", "cpu"], "values": [{"value": 7.8, "step": null, "ts": 1699636660.9836187}]}, "version": 46}
{"obj": {"type": "LogFloats", "path": ["monitoring", "ae4d0230", "memory"], "values": [{"value": 10.663875579833984, "step": null, "ts": 1699636660.9836187}]}, "version": 47}
{"obj": {"type": "LogFloats", "path": ["monitoring", "ae4d0230", "gpu_memory"], "values": [{"value": 2.537353515625, "step": null, "ts": 1699636660.9836187}]}, "version": 48}
{"obj": {"type": "LogFloats", "path": ["monitoring", "ae4d0230", "cpu"], "values": [{"value": 7.0, "step": null, "ts": 1699636670.9899304}]}, "version": 49}
{"obj": {"type": "LogFloats", "path": ["monitoring", "ae4d0230", "memory"], "values": [{"value": 10.666641235351562, "step": null, "ts": 1699636670.9899304}]}, "version": 50}
{"obj": {"type": "LogFloats", "path": ["monitoring", "ae4d0230", "gpu_memory"], "values": [{"value": 2.537353515625, "step": null, "ts": 1699636670.9899304}]}, "version": 51}
{"obj": {"type": "LogFloats", "path": ["monitoring", "ae4d0230", "cpu"], "values": [{"value": 13.7, "step": null, "ts": 1699636680.9957101}]}, "version": 52}
{"obj": {"type": "LogFloats", "path": ["monitoring", "ae4d0230", "memory"], "values": [{"value": 10.578563690185547, "step": null, "ts": 1699636680.9957101}]}, "version": 53}
{"obj": {"type": "LogFloats", "path": ["monitoring", "ae4d0230", "gpu"], "values": [{"value": 7.0, "step": null, "ts": 1699636680.9957101}]}, "version": 54}
{"obj": {"type": "LogFloats", "path": ["monitoring", "ae4d0230", "gpu_memory"], "values": [{"value": 2.537353515625, "step": null, "ts": 1699636680.9957101}]}, "version": 55}
{"obj": {"type": "LogFloats", "path": ["monitoring", "ae4d0230", "cpu"], "values": [{"value": 20.8, "step": null, "ts": 1699636691.0036397}]}, "version": 56}
{"obj": {"type": "LogFloats", "path": ["monitoring", "ae4d0230", "memory"], "values": [{"value": 10.591842651367188, "step": null, "ts": 1699636691.0036397}]}, "version": 57}
{"obj": {"type": "LogFloats", "path": ["monitoring", "ae4d0230", "gpu"], "values": [{"value": 2.0, "step": null, "ts": 1699636691.0036397}]}, "version": 58}
{"obj": {"type": "LogFloats", "path": ["monitoring", "ae4d0230", "gpu_memory"], "values": [{"value": 2.547119140625, "step": null, "ts": 1699636691.0036397}]}, "version": 59}
{"obj": {"type": "LogFloats", "path": ["monitoring", "ae4d0230", "cpu"], "values": [{"value": 17.7, "step": null, "ts": 1699636701.0112}]}, "version": 60}
{"obj": {"type": "LogFloats", "path": ["monitoring", "ae4d0230", "memory"], "values": [{"value": 10.590221405029297, "step": null, "ts": 1699636701.0112}]}, "version": 61}
{"obj": {"type": "LogFloats", "path": ["monitoring", "ae4d0230", "gpu"], "values": [{"value": 10.0, "step": null, "ts": 1699636701.0112}]}, "version": 62}
{"obj": {"type": "LogFloats", "path": ["monitoring", "ae4d0230", "gpu_memory"], "values": [{"value": 2.547119140625, "step": null, "ts": 1699636701.0112}]}, "version": 63}
